<?xml version="1.0" encoding="UTF-8"?>
<!-- Generated by org.testng.reporters.JUnitReportReporter -->
<testsuite hostname="laptop-pg02a5ay" failures="0" tests="2" name="com.example.Ops_test" time="92.942" errors="0" timestamp="30 Jul 2024 06:37:35 GMT" skipped="0">
  <testcase classname="com.example.Ops_test" name="policyIssuance" time="45.702"/>
  <testcase classname="com.example.Ops_test" name="policyIssuance" time="47.240"/>
</testsuite> <!-- com.example.Ops_test -->
